Arguments: 
  /usr/local/bin/node /usr/local/bin/yarn install

PATH: 
  /usr/local/bin:/usr/bin:/bin:/usr/sbin:/sbin

Yarn version: 
  0.22.0

Node version: 
  6.10.0

Platform: 
  darwin x64

npm manifest: 
  {
    "name": "create-react",
    "version": "0.0.1",
    "description": "react generator",
    "main": "index.js",
    "scripts": {},
    "bin": {
      "peak": "./bin/peak.js"
    },
    "author": "mrlyj",
    "license": "MIT",
    "dependencies": {
      "chalk": "^1.1.3",
      "commander": "^2.9.0",
      "common-bin": "^2.2.0",
      "win-spawn": "^2.0.0"
    },
    "devDependencies": {
      "babel-cli": "^6.24.1",
      "babel-eslint": "^7.2.1",
      "eslint": "^3.19.0",
      "eslint-config-airbnb": "^14.1.0",
      "eslint-plugin-import": "^2.2.0",
      "eslint-plugin-jsx-a11y": "^4.0.0"
    }
  }

yarn manifest: 
  No manifest

Lockfile: 
  No lockfile

Trace: 
  Error: getaddrinfo ENOTFOUND r.cnpmjs.org r.cnpmjs.org:80
      at errnoException (dns.js:28:10)
      at GetAddrInfoReqWrap.onlookup [as oncomplete] (dns.js:76:26)
