0 info it worked if it ends with ok
1 verbose cli [ '/usr/local/bin/node',
1 verbose cli   '/usr/local/bin/npm',
1 verbose cli   'run',
1 verbose cli   'deploy:prod' ]
2 info using npm@3.10.10
3 info using node@v6.10.0
4 verbose run-script [ 'predeploy:prod', 'deploy:prod', 'postdeploy:prod' ]
5 info lifecycle react@1.0.0~predeploy:prod: react@1.0.0
6 silly lifecycle react@1.0.0~predeploy:prod: no script for predeploy:prod, continuing
7 info lifecycle react@1.0.0~deploy:prod: react@1.0.0
8 verbose lifecycle react@1.0.0~deploy:prod: unsafe-perm in lifecycle true
9 verbose lifecycle react@1.0.0~deploy:prod: PATH: /usr/local/lib/node_modules/npm/bin/node-gyp-bin:/Users/lianyuanjie/project/github-mrlyj/create-react/boilerplates/redux/node_modules/.bin:/usr/local/bin:/usr/bin:/bin:/usr/sbin:/sbin
10 verbose lifecycle react@1.0.0~deploy:prod: CWD: /Users/lianyuanjie/project/github-mrlyj/create-react/boilerplates/redux
11 silly lifecycle react@1.0.0~deploy:prod: Args: [ '-c', 'better-npm-run deploy:prod' ]
12 silly lifecycle react@1.0.0~deploy:prod: Returned: code: 1  signal: null
13 info lifecycle react@1.0.0~deploy:prod: Failed to exec deploy:prod script
14 verbose stack Error: react@1.0.0 deploy:prod: `better-npm-run deploy:prod`
14 verbose stack Exit status 1
14 verbose stack     at EventEmitter.<anonymous> (/usr/local/lib/node_modules/npm/lib/utils/lifecycle.js:255:16)
14 verbose stack     at emitTwo (events.js:106:13)
14 verbose stack     at EventEmitter.emit (events.js:191:7)
14 verbose stack     at ChildProcess.<anonymous> (/usr/local/lib/node_modules/npm/lib/utils/spawn.js:40:14)
14 verbose stack     at emitTwo (events.js:106:13)
14 verbose stack     at ChildProcess.emit (events.js:191:7)
14 verbose stack     at maybeClose (internal/child_process.js:877:16)
14 verbose stack     at Process.ChildProcess._handle.onexit (internal/child_process.js:226:5)
15 verbose pkgid react@1.0.0
16 verbose cwd /Users/lianyuanjie/project/github-mrlyj/create-react/boilerplates/redux
17 error Darwin 16.4.0
18 error argv "/usr/local/bin/node" "/usr/local/bin/npm" "run" "deploy:prod"
19 error node v6.10.0
20 error npm  v3.10.10
21 error code ELIFECYCLE
22 error react@1.0.0 deploy:prod: `better-npm-run deploy:prod`
22 error Exit status 1
23 error Failed at the react@1.0.0 deploy:prod script 'better-npm-run deploy:prod'.
23 error Make sure you have the latest version of node.js and npm installed.
23 error If you do, this is most likely a problem with the react package,
23 error not with npm itself.
23 error Tell the author that this fails on your system:
23 error     better-npm-run deploy:prod
23 error You can get information on how to open an issue for this project with:
23 error     npm bugs react
23 error Or if that isn't available, you can get their info via:
23 error     npm owner ls react
23 error There is likely additional logging output above.
24 verbose exit [ 1, true ]
